<?xml version="1.0" encoding="UTF-8"?>
<testsuite xmlns:xsi="http://www.w3.org/2001/XMLSchema-instance" xsi:noNamespaceSchemaLocation="https://maven.apache.org/surefire/maven-surefire-plugin/xsd/surefire-test-report.xsd" name="com.bikes.renting.controller.RentalControllerTest" time="123.566" tests="4" errors="0" skipped="0" failures="0">
  <properties>
[...]
</properties>
  <testcase name="postWithoutParameters_then400IsReceived" classname="com.bikes.renting.controller.RentalControllerTest" time="0.287"/>
  <testcase name="postWithCorrectParameters_then200IsReceived2" classname="com.bikes.renting.controller.RentalControllerTest" time="60.058"/>
  <testcase name="postWithExcessOfParameters_then500IsReceived" classname="com.bikes.renting.controller.RentalControllerTest" time="0.018"/>
  <testcase name="postWithCorrectParameters_then200IsReceived" classname="com.bikes.renting.controller.RentalControllerTest" time="60.01"/>
</testsuite>